<?xml version="1.0" encoding="UTF-8"?>
<!-- Generated by org.testng.reporters.JUnitXMLReporter -->
<testsuite hostname="harshas-MacBook-Pro.local" name="Valiodating title" tests="1" failures="1" timestamp="19 Aug 2019 21:44:57 GMT" time="12.025" errors="0">
  <testcase name="basepageNavigation" time="0.039" classname="academy.Validatetitle">
    <failure type="java.lang.AssertionError" message="expected:&amp;lt;FEATURED COURSES&amp;gt; but was:&amp;lt;FEATUREDa COURSES&amp;gt;">
      <![CDATA[java.lang.AssertionError: expected:<FEATURED COURSES> but was:<FEATUREDa COURSES>
	at academy.Validatetitle.basepageNavigation(Validatetitle.java:34)
... Removed 26 stack frames]]>
    </failure>
  </testcase> <!-- basepageNavigation -->
</testsuite> <!-- Valiodating title -->
