<?xml version="1.0" encoding="UTF-8"?>
<!-- Generated by org.testng.reporters.JUnitXMLReporter -->
<testsuite hostname="harshas-MacBook-Pro.local" name="Test" tests="5" failures="0" timestamp="17 Aug 2019 21:39:41 GMT" time="80.936" errors="0">
  <testcase name="basepageNavigation" time="28.274" classname="academy.Homepage"/>
  <testcase name="basepageNavigation" time="25.44" classname="academy.Homepage"/>
  <testcase name="basepageNavigation" time="0.03" classname="academy.Validatetitle"/>
  <testcase name="basepageNavigation" time="0.044" classname="academy.ValidateNavbar"/>
  <testcase name="testApp" time="0.0" classname="academy.AppTest"/>
</testsuite> <!-- Test -->
